<?xml version="1.0" encoding="UTF-8"?>
<!-- Generated by org.testng.reporters.JUnitReportReporter -->
<testsuite hostname="Reddy" name="com.crm.qa.testcases.LoginPageTest" tests="3" failures="0" timestamp="6 Nov 2018 07:27:16 GMT" time="29.183" errors="0">
  <testcase name="LoginTest" time="13.815" classname="com.crm.qa.testcases.LoginPageTest"/>
  <testcase name="loginPageTitleTest" time="7.721" classname="com.crm.qa.testcases.LoginPageTest"/>
  <testcase name="CRMLogoTest" time="7.647" classname="com.crm.qa.testcases.LoginPageTest"/>
</testsuite> <!-- com.crm.qa.testcases.LoginPageTest -->
